<?xml version="1.0" encoding="UTF-8"?>
<!-- Generated by org.testng.reporters.JUnitReportReporter -->
<testsuite skipped="0" hostname="DESKTOP-N308L1J" name="variousConcepts.LearnTestNG" tests="1" failures="0" timestamp="25 Jun 2022 15:53:32 GMT" time="20.269" errors="0">
  <testcase name="logCustomer" time="20.269" classname="variousConcepts.LearnTestNG"/>
</testsuite> <!-- variousConcepts.LearnTestNG -->
